<?xml version="1.0" encoding="UTF-8"?>
<!-- Generated by org.testng.reporters.JUnitReportReporter -->
<testsuite hostname="DESKTOP-JHJIMHH" failures="0" tests="1" name="testcases.TestCases" time="18.855" errors="0" timestamp="2022-05-05T15:00:32 IST" skipped="0">
  <testcase classname="testcases.TestCases" name="rediff" time="18.855"/>
  <system-out/>
</testsuite> <!-- testcases.TestCases -->
